/opt/crisp-plugins/wipebot/lib/crisp_client.js:741
var authHeader = Buffer.from(this.identifier + ':' + this.key).toString('base64');
    ^^^^^^^^^^

SyntaxError: Unexpected identifier
    at internalCompileFunction (node:internal/vm:73:18)
    at wrapSafe (node:internal/modules/cjs/loader:1274:20)
    at Module._compile (node:internal/modules/cjs/loader:1320:27)
    at Module._extensions..js (node:internal/modules/cjs/loader:1414:10)
    at Module.load (node:internal/modules/cjs/loader:1197:32)
    at Module._load (node:internal/modules/cjs/loader:1013:12)
    at Module.require (node:internal/modules/cjs/loader:1225:19)
    at Hook._require.Module.require (/usr/local/lib/node_modules/pm2/node_modules/require-in-the-middle/index.js:101:39)
    at require (node:internal/modules/helpers:177:18)
    at Object.<anonymous> (/opt/crisp-plugins/wipebot/lib/wipebot_plugin.js:15:21)
/opt/crisp-plugins/wipebot/lib/crisp_client.js:741
var authHeader = Buffer.from(this.identifier + ':' + this.key).toString('base64');
    ^^^^^^^^^^

SyntaxError: Unexpected identifier
    at internalCompileFunction (node:internal/vm:73:18)
    at wrapSafe (node:internal/modules/cjs/loader:1274:20)
    at Module._compile (node:internal/modules/cjs/loader:1320:27)
    at Module._extensions..js (node:internal/modules/cjs/loader:1414:10)
    at Module.load (node:internal/modules/cjs/loader:1197:32)
    at Module._load (node:internal/modules/cjs/loader:1013:12)
    at Module.require (node:internal/modules/cjs/loader:1225:19)
    at Hook._require.Module.require (/usr/local/lib/node_modules/pm2/node_modules/require-in-the-middle/index.js:101:39)
    at require (node:internal/modules/helpers:177:18)
    at Object.<anonymous> (/opt/crisp-plugins/wipebot/lib/wipebot_plugin.js:15:21)
/opt/crisp-plugins/wipebot/lib/crisp_client.js:741
var authHeader = Buffer.from(this.identifier + ':' + this.key).toString('base64');
    ^^^^^^^^^^

SyntaxError: Unexpected identifier
    at internalCompileFunction (node:internal/vm:73:18)
    at wrapSafe (node:internal/modules/cjs/loader:1274:20)
    at Module._compile (node:internal/modules/cjs/loader:1320:27)
    at Module._extensions..js (node:internal/modules/cjs/loader:1414:10)
    at Module.load (node:internal/modules/cjs/loader:1197:32)
    at Module._load (node:internal/modules/cjs/loader:1013:12)
    at Module.require (node:internal/modules/cjs/loader:1225:19)
    at Hook._require.Module.require (/usr/local/lib/node_modules/pm2/node_modules/require-in-the-middle/index.js:101:39)
    at require (node:internal/modules/helpers:177:18)
    at Object.<anonymous> (/opt/crisp-plugins/wipebot/lib/wipebot_plugin.js:15:21)
/opt/crisp-plugins/wipebot/lib/crisp_client.js:741
var authHeader = Buffer.from(this.identifier + ':' + this.key).toString('base64');
    ^^^^^^^^^^

SyntaxError: Unexpected identifier
    at internalCompileFunction (node:internal/vm:73:18)
    at wrapSafe (node:internal/modules/cjs/loader:1274:20)
    at Module._compile (node:internal/modules/cjs/loader:1320:27)
    at Module._extensions..js (node:internal/modules/cjs/loader:1414:10)
    at Module.load (node:internal/modules/cjs/loader:1197:32)
    at Module._load (node:internal/modules/cjs/loader:1013:12)
    at Module.require (node:internal/modules/cjs/loader:1225:19)
    at Hook._require.Module.require (/usr/local/lib/node_modules/pm2/node_modules/require-in-the-middle/index.js:101:39)
    at require (node:internal/modules/helpers:177:18)
    at Object.<anonymous> (/opt/crisp-plugins/wipebot/lib/wipebot_plugin.js:15:21)
/opt/crisp-plugins/wipebot/lib/crisp_client.js:741
var authHeader = Buffer.from(this.identifier + ':' + this.key).toString('base64');
    ^^^^^^^^^^

SyntaxError: Unexpected identifier
    at internalCompileFunction (node:internal/vm:73:18)
    at wrapSafe (node:internal/modules/cjs/loader:1274:20)
    at Module._compile (node:internal/modules/cjs/loader:1320:27)
    at Module._extensions..js (node:internal/modules/cjs/loader:1414:10)
    at Module.load (node:internal/modules/cjs/loader:1197:32)
    at Module._load (node:internal/modules/cjs/loader:1013:12)
    at Module.require (node:internal/modules/cjs/loader:1225:19)
    at Hook._require.Module.require (/usr/local/lib/node_modules/pm2/node_modules/require-in-the-middle/index.js:101:39)
    at require (node:internal/modules/helpers:177:18)
    at Object.<anonymous> (/opt/crisp-plugins/wipebot/lib/wipebot_plugin.js:15:21)
/opt/crisp-plugins/wipebot/lib/crisp_client.js:741
var authHeader = Buffer.from(this.identifier + ':' + this.key).toString('base64');
    ^^^^^^^^^^

SyntaxError: Unexpected identifier
    at internalCompileFunction (node:internal/vm:73:18)
    at wrapSafe (node:internal/modules/cjs/loader:1274:20)
    at Module._compile (node:internal/modules/cjs/loader:1320:27)
    at Module._extensions..js (node:internal/modules/cjs/loader:1414:10)
    at Module.load (node:internal/modules/cjs/loader:1197:32)
    at Module._load (node:internal/modules/cjs/loader:1013:12)
    at Module.require (node:internal/modules/cjs/loader:1225:19)
    at Hook._require.Module.require (/usr/local/lib/node_modules/pm2/node_modules/require-in-the-middle/index.js:101:39)
    at require (node:internal/modules/helpers:177:18)
    at Object.<anonymous> (/opt/crisp-plugins/wipebot/lib/wipebot_plugin.js:15:21)
/opt/crisp-plugins/wipebot/lib/crisp_client.js:741
var authHeader = Buffer.from(this.identifier + ':' + this.key).toString('base64');
    ^^^^^^^^^^

SyntaxError: Unexpected identifier
    at internalCompileFunction (node:internal/vm:73:18)
    at wrapSafe (node:internal/modules/cjs/loader:1274:20)
    at Module._compile (node:internal/modules/cjs/loader:1320:27)
    at Module._extensions..js (node:internal/modules/cjs/loader:1414:10)
    at Module.load (node:internal/modules/cjs/loader:1197:32)
    at Module._load (node:internal/modules/cjs/loader:1013:12)
    at Module.require (node:internal/modules/cjs/loader:1225:19)
    at Hook._require.Module.require (/usr/local/lib/node_modules/pm2/node_modules/require-in-the-middle/index.js:101:39)
    at require (node:internal/modules/helpers:177:18)
    at Object.<anonymous> (/opt/crisp-plugins/wipebot/lib/wipebot_plugin.js:15:21)
/opt/crisp-plugins/wipebot/lib/crisp_client.js:741
var authHeader = Buffer.from(this.identifier + ':' + this.key).toString('base64');
    ^^^^^^^^^^

SyntaxError: Unexpected identifier
    at internalCompileFunction (node:internal/vm:73:18)
    at wrapSafe (node:internal/modules/cjs/loader:1274:20)
    at Module._compile (node:internal/modules/cjs/loader:1320:27)
    at Module._extensions..js (node:internal/modules/cjs/loader:1414:10)
    at Module.load (node:internal/modules/cjs/loader:1197:32)
    at Module._load (node:internal/modules/cjs/loader:1013:12)
    at Module.require (node:internal/modules/cjs/loader:1225:19)
    at Hook._require.Module.require (/usr/local/lib/node_modules/pm2/node_modules/require-in-the-middle/index.js:101:39)
    at require (node:internal/modules/helpers:177:18)
    at Object.<anonymous> (/opt/crisp-plugins/wipebot/lib/wipebot_plugin.js:15:21)
/opt/crisp-plugins/wipebot/lib/crisp_client.js:741
var authHeader = Buffer.from(this.identifier + ':' + this.key).toString('base64');
    ^^^^^^^^^^

SyntaxError: Unexpected identifier
    at internalCompileFunction (node:internal/vm:73:18)
    at wrapSafe (node:internal/modules/cjs/loader:1274:20)
    at Module._compile (node:internal/modules/cjs/loader:1320:27)
    at Module._extensions..js (node:internal/modules/cjs/loader:1414:10)
    at Module.load (node:internal/modules/cjs/loader:1197:32)
    at Module._load (node:internal/modules/cjs/loader:1013:12)
    at Module.require (node:internal/modules/cjs/loader:1225:19)
    at Hook._require.Module.require (/usr/local/lib/node_modules/pm2/node_modules/require-in-the-middle/index.js:101:39)
    at require (node:internal/modules/helpers:177:18)
    at Object.<anonymous> (/opt/crisp-plugins/wipebot/lib/wipebot_plugin.js:15:21)
/opt/crisp-plugins/wipebot/lib/crisp_client.js:741
var authHeader = Buffer.from(this.identifier + ':' + this.key).toString('base64');
    ^^^^^^^^^^

SyntaxError: Unexpected identifier
    at internalCompileFunction (node:internal/vm:73:18)
    at wrapSafe (node:internal/modules/cjs/loader:1274:20)
    at Module._compile (node:internal/modules/cjs/loader:1320:27)
    at Module._extensions..js (node:internal/modules/cjs/loader:1414:10)
    at Module.load (node:internal/modules/cjs/loader:1197:32)
    at Module._load (node:internal/modules/cjs/loader:1013:12)
    at Module.require (node:internal/modules/cjs/loader:1225:19)
    at Hook._require.Module.require (/usr/local/lib/node_modules/pm2/node_modules/require-in-the-middle/index.js:101:39)
    at require (node:internal/modules/helpers:177:18)
    at Object.<anonymous> (/opt/crisp-plugins/wipebot/lib/wipebot_plugin.js:15:21)
/opt/crisp-plugins/wipebot/lib/crisp_client.js:741
var authHeader = Buffer.from(this.identifier + ':' + this.key).toString('base64');
    ^^^^^^^^^^

SyntaxError: Unexpected identifier
    at internalCompileFunction (node:internal/vm:73:18)
    at wrapSafe (node:internal/modules/cjs/loader:1274:20)
    at Module._compile (node:internal/modules/cjs/loader:1320:27)
    at Module._extensions..js (node:internal/modules/cjs/loader:1414:10)
    at Module.load (node:internal/modules/cjs/loader:1197:32)
    at Module._load (node:internal/modules/cjs/loader:1013:12)
    at Module.require (node:internal/modules/cjs/loader:1225:19)
    at Hook._require.Module.require (/usr/local/lib/node_modules/pm2/node_modules/require-in-the-middle/index.js:101:39)
    at require (node:internal/modules/helpers:177:18)
    at Object.<anonymous> (/opt/crisp-plugins/wipebot/lib/wipebot_plugin.js:15:21)
/opt/crisp-plugins/wipebot/lib/crisp_client.js:741
var authHeader = Buffer.from(this.identifier + ':' + this.key).toString('base64');
    ^^^^^^^^^^

SyntaxError: Unexpected identifier
    at internalCompileFunction (node:internal/vm:73:18)
    at wrapSafe (node:internal/modules/cjs/loader:1274:20)
    at Module._compile (node:internal/modules/cjs/loader:1320:27)
    at Module._extensions..js (node:internal/modules/cjs/loader:1414:10)
    at Module.load (node:internal/modules/cjs/loader:1197:32)
    at Module._load (node:internal/modules/cjs/loader:1013:12)
    at Module.require (node:internal/modules/cjs/loader:1225:19)
    at Hook._require.Module.require (/usr/local/lib/node_modules/pm2/node_modules/require-in-the-middle/index.js:101:39)
    at require (node:internal/modules/helpers:177:18)
    at Object.<anonymous> (/opt/crisp-plugins/wipebot/lib/wipebot_plugin.js:15:21)
/opt/crisp-plugins/wipebot/lib/crisp_client.js:741
var authHeader = Buffer.from(this.identifier + ':' + this.key).toString('base64');
    ^^^^^^^^^^

SyntaxError: Unexpected identifier
    at internalCompileFunction (node:internal/vm:73:18)
    at wrapSafe (node:internal/modules/cjs/loader:1274:20)
    at Module._compile (node:internal/modules/cjs/loader:1320:27)
    at Module._extensions..js (node:internal/modules/cjs/loader:1414:10)
    at Module.load (node:internal/modules/cjs/loader:1197:32)
    at Module._load (node:internal/modules/cjs/loader:1013:12)
    at Module.require (node:internal/modules/cjs/loader:1225:19)
    at Hook._require.Module.require (/usr/local/lib/node_modules/pm2/node_modules/require-in-the-middle/index.js:101:39)
    at require (node:internal/modules/helpers:177:18)
    at Object.<anonymous> (/opt/crisp-plugins/wipebot/lib/wipebot_plugin.js:15:21)
/opt/crisp-plugins/wipebot/lib/crisp_client.js:741
var authHeader = Buffer.from(this.identifier + ':' + this.key).toString('base64');
    ^^^^^^^^^^

SyntaxError: Unexpected identifier
    at internalCompileFunction (node:internal/vm:73:18)
    at wrapSafe (node:internal/modules/cjs/loader:1274:20)
    at Module._compile (node:internal/modules/cjs/loader:1320:27)
    at Module._extensions..js (node:internal/modules/cjs/loader:1414:10)
    at Module.load (node:internal/modules/cjs/loader:1197:32)
    at Module._load (node:internal/modules/cjs/loader:1013:12)
    at Module.require (node:internal/modules/cjs/loader:1225:19)
    at Hook._require.Module.require (/usr/local/lib/node_modules/pm2/node_modules/require-in-the-middle/index.js:101:39)
    at require (node:internal/modules/helpers:177:18)
    at Object.<anonymous> (/opt/crisp-plugins/wipebot/lib/wipebot_plugin.js:15:21)
/opt/crisp-plugins/wipebot/lib/crisp_client.js:741
var authHeader = Buffer.from(this.identifier + ':' + this.key).toString('base64');
    ^^^^^^^^^^

SyntaxError: Unexpected identifier
    at internalCompileFunction (node:internal/vm:73:18)
    at wrapSafe (node:internal/modules/cjs/loader:1274:20)
    at Module._compile (node:internal/modules/cjs/loader:1320:27)
    at Module._extensions..js (node:internal/modules/cjs/loader:1414:10)
    at Module.load (node:internal/modules/cjs/loader:1197:32)
    at Module._load (node:internal/modules/cjs/loader:1013:12)
    at Module.require (node:internal/modules/cjs/loader:1225:19)
    at Hook._require.Module.require (/usr/local/lib/node_modules/pm2/node_modules/require-in-the-middle/index.js:101:39)
    at require (node:internal/modules/helpers:177:18)
    at Object.<anonymous> (/opt/crisp-plugins/wipebot/lib/wipebot_plugin.js:15:21)
/opt/crisp-plugins/wipebot/lib/crisp_client.js:741
var authHeader = Buffer.from(this.identifier + ':' + this.key).toString('base64');
    ^^^^^^^^^^

SyntaxError: Unexpected identifier
    at internalCompileFunction (node:internal/vm:73:18)
    at wrapSafe (node:internal/modules/cjs/loader:1274:20)
    at Module._compile (node:internal/modules/cjs/loader:1320:27)
    at Module._extensions..js (node:internal/modules/cjs/loader:1414:10)
    at Module.load (node:internal/modules/cjs/loader:1197:32)
    at Module._load (node:internal/modules/cjs/loader:1013:12)
    at Module.require (node:internal/modules/cjs/loader:1225:19)
    at Hook._require.Module.require (/usr/local/lib/node_modules/pm2/node_modules/require-in-the-middle/index.js:101:39)
    at require (node:internal/modules/helpers:177:18)
    at Object.<anonymous> (/opt/crisp-plugins/wipebot/lib/wipebot_plugin.js:15:21)
/opt/crisp-plugins/wipebot/lib/crisp_client.js:741
var authHeader = Buffer.from(this.identifier + ':' + this.key).toString('base64');
    ^^^^^^^^^^

SyntaxError: Unexpected identifier
    at internalCompileFunction (node:internal/vm:73:18)
    at wrapSafe (node:internal/modules/cjs/loader:1274:20)
    at Module._compile (node:internal/modules/cjs/loader:1320:27)
    at Module._extensions..js (node:internal/modules/cjs/loader:1414:10)
    at Module.load (node:internal/modules/cjs/loader:1197:32)
    at Module._load (node:internal/modules/cjs/loader:1013:12)
    at Module.require (node:internal/modules/cjs/loader:1225:19)
    at Hook._require.Module.require (/usr/local/lib/node_modules/pm2/node_modules/require-in-the-middle/index.js:101:39)
    at require (node:internal/modules/helpers:177:18)
    at Object.<anonymous> (/opt/crisp-plugins/wipebot/lib/wipebot_plugin.js:15:21)
